2018-06-11 19:28:34 [main] DEBUG o.s.core.env.StandardEnvironment - Adding [systemProperties] PropertySource with lowest search precedence
2018-06-11 19:28:34 [main] DEBUG o.s.core.env.StandardEnvironment - Adding [systemEnvironment] PropertySource with lowest search precedence
2018-06-11 19:28:34 [main] DEBUG o.s.core.env.StandardEnvironment - Initialized StandardEnvironment with PropertySources [systemProperties,systemEnvironment]
2018-06-11 19:28:34 [main] INFO  o.s.c.a.AnnotationConfigApplicationContext - Refreshing org.springframework.context.annotation.AnnotationConfigApplicationContext@3cb5cdba: startup date [Mon Jun 11 19:28:34 IST 2018]; root of context hierarchy
2018-06-11 19:28:34 [main] DEBUG o.s.c.a.AnnotationConfigApplicationContext - Bean factory for org.springframework.context.annotation.AnnotationConfigApplicationContext@3cb5cdba: org.springframework.beans.factory.support.DefaultListableBeanFactory@52feb982: defining beans [org.springframework.context.annotation.internalConfigurationAnnotationProcessor,org.springframework.context.annotation.internalAutowiredAnnotationProcessor,org.springframework.context.annotation.internalRequiredAnnotationProcessor,org.springframework.context.annotation.internalCommonAnnotationProcessor,org.springframework.context.event.internalEventListenerProcessor,org.springframework.context.event.internalEventListenerFactory,javaconfig]; root of factory hierarchy
2018-06-11 19:28:34 [main] DEBUG o.s.b.f.s.DefaultListableBeanFactory - Creating shared instance of singleton bean 'org.springframework.context.annotation.internalConfigurationAnnotationProcessor'
2018-06-11 19:28:34 [main] DEBUG o.s.b.f.s.DefaultListableBeanFactory - Creating instance of bean 'org.springframework.context.annotation.internalConfigurationAnnotationProcessor'
2018-06-11 19:28:34 [main] DEBUG o.s.b.f.s.DefaultListableBeanFactory - Eagerly caching bean 'org.springframework.context.annotation.internalConfigurationAnnotationProcessor' to allow for resolving potential circular references
2018-06-11 19:28:34 [main] DEBUG o.s.b.f.s.DefaultListableBeanFactory - Finished creating instance of bean 'org.springframework.context.annotation.internalConfigurationAnnotationProcessor'
2018-06-11 19:28:34 [main] DEBUG o.s.c.a.ConfigurationClassBeanDefinitionReader - Registering bean definition for @Bean method spring.java.config.Javaconfig.blogpostService()
2018-06-11 19:28:34 [main] DEBUG o.s.b.f.s.DefaultListableBeanFactory - Creating shared instance of singleton bean 'org.springframework.context.annotation.internalAutowiredAnnotationProcessor'
2018-06-11 19:28:34 [main] DEBUG o.s.b.f.s.DefaultListableBeanFactory - Creating instance of bean 'org.springframework.context.annotation.internalAutowiredAnnotationProcessor'
2018-06-11 19:28:34 [main] DEBUG o.s.b.f.s.DefaultListableBeanFactory - Eagerly caching bean 'org.springframework.context.annotation.internalAutowiredAnnotationProcessor' to allow for resolving potential circular references
2018-06-11 19:28:34 [main] DEBUG o.s.b.f.s.DefaultListableBeanFactory - Finished creating instance of bean 'org.springframework.context.annotation.internalAutowiredAnnotationProcessor'
2018-06-11 19:28:34 [main] DEBUG o.s.b.f.s.DefaultListableBeanFactory - Creating shared instance of singleton bean 'org.springframework.context.annotation.internalRequiredAnnotationProcessor'
2018-06-11 19:28:34 [main] DEBUG o.s.b.f.s.DefaultListableBeanFactory - Creating instance of bean 'org.springframework.context.annotation.internalRequiredAnnotationProcessor'
2018-06-11 19:28:34 [main] DEBUG o.s.b.f.s.DefaultListableBeanFactory - Eagerly caching bean 'org.springframework.context.annotation.internalRequiredAnnotationProcessor' to allow for resolving potential circular references
2018-06-11 19:28:34 [main] DEBUG o.s.b.f.s.DefaultListableBeanFactory - Finished creating instance of bean 'org.springframework.context.annotation.internalRequiredAnnotationProcessor'
2018-06-11 19:28:34 [main] DEBUG o.s.b.f.s.DefaultListableBeanFactory - Creating shared instance of singleton bean 'org.springframework.context.annotation.internalCommonAnnotationProcessor'
2018-06-11 19:28:34 [main] DEBUG o.s.b.f.s.DefaultListableBeanFactory - Creating instance of bean 'org.springframework.context.annotation.internalCommonAnnotationProcessor'
2018-06-11 19:28:34 [main] DEBUG o.s.b.f.s.DefaultListableBeanFactory - Eagerly caching bean 'org.springframework.context.annotation.internalCommonAnnotationProcessor' to allow for resolving potential circular references
2018-06-11 19:28:34 [main] DEBUG o.s.b.f.s.DefaultListableBeanFactory - Finished creating instance of bean 'org.springframework.context.annotation.internalCommonAnnotationProcessor'
2018-06-11 19:28:34 [main] DEBUG o.s.b.f.s.DefaultListableBeanFactory - Creating shared instance of singleton bean 'org.springframework.context.annotation.ConfigurationClassPostProcessor.importAwareProcessor'
2018-06-11 19:28:34 [main] DEBUG o.s.b.f.s.DefaultListableBeanFactory - Creating instance of bean 'org.springframework.context.annotation.ConfigurationClassPostProcessor.importAwareProcessor'
2018-06-11 19:28:34 [main] DEBUG o.s.b.f.s.DefaultListableBeanFactory - Eagerly caching bean 'org.springframework.context.annotation.ConfigurationClassPostProcessor.importAwareProcessor' to allow for resolving potential circular references
2018-06-11 19:28:34 [main] DEBUG o.s.b.f.s.DefaultListableBeanFactory - Finished creating instance of bean 'org.springframework.context.annotation.ConfigurationClassPostProcessor.importAwareProcessor'
2018-06-11 19:28:34 [main] DEBUG o.s.b.f.s.DefaultListableBeanFactory - Creating shared instance of singleton bean 'org.springframework.context.annotation.ConfigurationClassPostProcessor.enhancedConfigurationProcessor'
2018-06-11 19:28:34 [main] DEBUG o.s.b.f.s.DefaultListableBeanFactory - Creating instance of bean 'org.springframework.context.annotation.ConfigurationClassPostProcessor.enhancedConfigurationProcessor'
2018-06-11 19:28:34 [main] DEBUG o.s.b.f.s.DefaultListableBeanFactory - Eagerly caching bean 'org.springframework.context.annotation.ConfigurationClassPostProcessor.enhancedConfigurationProcessor' to allow for resolving potential circular references
2018-06-11 19:28:34 [main] DEBUG o.s.b.f.s.DefaultListableBeanFactory - Finished creating instance of bean 'org.springframework.context.annotation.ConfigurationClassPostProcessor.enhancedConfigurationProcessor'
2018-06-11 19:28:34 [main] DEBUG o.s.c.a.AnnotationConfigApplicationContext - Unable to locate MessageSource with name 'messageSource': using default [org.springframework.context.support.DelegatingMessageSource@76a4d6c]
2018-06-11 19:28:34 [main] DEBUG o.s.c.a.AnnotationConfigApplicationContext - Unable to locate ApplicationEventMulticaster with name 'applicationEventMulticaster': using default [org.springframework.context.event.SimpleApplicationEventMulticaster@49c43f4e]
2018-06-11 19:28:34 [main] DEBUG o.s.b.f.s.DefaultListableBeanFactory - Pre-instantiating singletons in org.springframework.beans.factory.support.DefaultListableBeanFactory@52feb982: defining beans [org.springframework.context.annotation.internalConfigurationAnnotationProcessor,org.springframework.context.annotation.internalAutowiredAnnotationProcessor,org.springframework.context.annotation.internalRequiredAnnotationProcessor,org.springframework.context.annotation.internalCommonAnnotationProcessor,org.springframework.context.event.internalEventListenerProcessor,org.springframework.context.event.internalEventListenerFactory,javaconfig,org.springframework.context.annotation.ConfigurationClassPostProcessor.importAwareProcessor,org.springframework.context.annotation.ConfigurationClassPostProcessor.enhancedConfigurationProcessor,blogpostService]; root of factory hierarchy
2018-06-11 19:28:34 [main] DEBUG o.s.b.f.s.DefaultListableBeanFactory - Returning cached instance of singleton bean 'org.springframework.context.annotation.internalConfigurationAnnotationProcessor'
2018-06-11 19:28:34 [main] DEBUG o.s.b.f.s.DefaultListableBeanFactory - Returning cached instance of singleton bean 'org.springframework.context.annotation.internalAutowiredAnnotationProcessor'
2018-06-11 19:28:34 [main] DEBUG o.s.b.f.s.DefaultListableBeanFactory - Returning cached instance of singleton bean 'org.springframework.context.annotation.internalRequiredAnnotationProcessor'
2018-06-11 19:28:34 [main] DEBUG o.s.b.f.s.DefaultListableBeanFactory - Returning cached instance of singleton bean 'org.springframework.context.annotation.internalCommonAnnotationProcessor'
2018-06-11 19:28:34 [main] DEBUG o.s.b.f.s.DefaultListableBeanFactory - Creating shared instance of singleton bean 'org.springframework.context.event.internalEventListenerProcessor'
2018-06-11 19:28:34 [main] DEBUG o.s.b.f.s.DefaultListableBeanFactory - Creating instance of bean 'org.springframework.context.event.internalEventListenerProcessor'
2018-06-11 19:28:34 [main] DEBUG o.s.b.f.s.DefaultListableBeanFactory - Eagerly caching bean 'org.springframework.context.event.internalEventListenerProcessor' to allow for resolving potential circular references
2018-06-11 19:28:34 [main] TRACE o.s.c.i.s.SpringFactoriesLoader - Loaded [org.springframework.beans.BeanInfoFactory] names: [org.springframework.beans.ExtendedBeanInfoFactory]
2018-06-11 19:28:34 [main] TRACE o.s.beans.CachedIntrospectionResults - Getting BeanInfo for class [org.springframework.context.event.EventListenerMethodProcessor]
2018-06-11 19:28:34 [main] TRACE o.s.beans.CachedIntrospectionResults - Caching PropertyDescriptors for class [org.springframework.context.event.EventListenerMethodProcessor]
2018-06-11 19:28:34 [main] TRACE o.s.beans.CachedIntrospectionResults - Found bean property 'applicationContext' of type [org.springframework.context.ApplicationContext]
2018-06-11 19:28:34 [main] TRACE o.s.beans.CachedIntrospectionResults - Found bean property 'class' of type [java.lang.Class]
2018-06-11 19:28:34 [main] DEBUG o.s.b.f.s.DefaultListableBeanFactory - Finished creating instance of bean 'org.springframework.context.event.internalEventListenerProcessor'
2018-06-11 19:28:34 [main] DEBUG o.s.b.f.s.DefaultListableBeanFactory - Creating shared instance of singleton bean 'org.springframework.context.event.internalEventListenerFactory'
2018-06-11 19:28:34 [main] DEBUG o.s.b.f.s.DefaultListableBeanFactory - Creating instance of bean 'org.springframework.context.event.internalEventListenerFactory'
2018-06-11 19:28:34 [main] DEBUG o.s.b.f.s.DefaultListableBeanFactory - Eagerly caching bean 'org.springframework.context.event.internalEventListenerFactory' to allow for resolving potential circular references
2018-06-11 19:28:34 [main] TRACE o.s.beans.CachedIntrospectionResults - Getting BeanInfo for class [org.springframework.context.event.DefaultEventListenerFactory]
2018-06-11 19:28:34 [main] TRACE o.s.beans.CachedIntrospectionResults - Caching PropertyDescriptors for class [org.springframework.context.event.DefaultEventListenerFactory]
2018-06-11 19:28:34 [main] TRACE o.s.beans.CachedIntrospectionResults - Found bean property 'class' of type [java.lang.Class]
2018-06-11 19:28:34 [main] TRACE o.s.beans.CachedIntrospectionResults - Found bean property 'order' of type [int]
2018-06-11 19:28:34 [main] DEBUG o.s.b.f.s.DefaultListableBeanFactory - Finished creating instance of bean 'org.springframework.context.event.internalEventListenerFactory'
2018-06-11 19:28:34 [main] DEBUG o.s.b.f.s.DefaultListableBeanFactory - Creating shared instance of singleton bean 'javaconfig'
2018-06-11 19:28:34 [main] DEBUG o.s.b.f.s.DefaultListableBeanFactory - Creating instance of bean 'javaconfig'
2018-06-11 19:28:34 [main] DEBUG o.s.b.f.s.DefaultListableBeanFactory - Eagerly caching bean 'javaconfig' to allow for resolving potential circular references
2018-06-11 19:28:34 [main] TRACE o.s.beans.CachedIntrospectionResults - Getting BeanInfo for class [spring.java.config.Javaconfig]
2018-06-11 19:28:34 [main] TRACE o.s.beans.CachedIntrospectionResults - Caching PropertyDescriptors for class [spring.java.config.Javaconfig]
2018-06-11 19:28:34 [main] TRACE o.s.beans.CachedIntrospectionResults - Found bean property 'class' of type [java.lang.Class]
2018-06-11 19:28:34 [main] DEBUG o.s.b.f.s.DefaultListableBeanFactory - Finished creating instance of bean 'javaconfig'
2018-06-11 19:28:34 [main] DEBUG o.s.b.f.s.DefaultListableBeanFactory - Returning cached instance of singleton bean 'org.springframework.context.annotation.ConfigurationClassPostProcessor.importAwareProcessor'
2018-06-11 19:28:34 [main] DEBUG o.s.b.f.s.DefaultListableBeanFactory - Returning cached instance of singleton bean 'org.springframework.context.annotation.ConfigurationClassPostProcessor.enhancedConfigurationProcessor'
2018-06-11 19:28:34 [main] DEBUG o.s.b.f.s.DefaultListableBeanFactory - Creating shared instance of singleton bean 'blogpostService'
2018-06-11 19:28:34 [main] DEBUG o.s.b.f.s.DefaultListableBeanFactory - Creating instance of bean 'blogpostService'
2018-06-11 19:28:34 [main] DEBUG o.s.b.f.s.DefaultListableBeanFactory - Returning cached instance of singleton bean 'javaconfig'
2018-06-11 19:28:34 [main] DEBUG o.s.b.f.s.DefaultListableBeanFactory - Eagerly caching bean 'blogpostService' to allow for resolving potential circular references
2018-06-11 19:28:34 [main] TRACE o.s.beans.CachedIntrospectionResults - Getting BeanInfo for class [spring.java.serviceImpl.BlogPostServiceImpl]
2018-06-11 19:28:34 [main] TRACE o.s.beans.CachedIntrospectionResults - Caching PropertyDescriptors for class [spring.java.serviceImpl.BlogPostServiceImpl]
2018-06-11 19:28:34 [main] TRACE o.s.beans.CachedIntrospectionResults - Found bean property 'class' of type [java.lang.Class]
2018-06-11 19:28:34 [main] DEBUG o.s.b.f.s.DefaultListableBeanFactory - Finished creating instance of bean 'blogpostService'
2018-06-11 19:28:34 [main] DEBUG o.s.b.f.s.DefaultListableBeanFactory - Returning cached instance of singleton bean 'org.springframework.context.event.internalEventListenerFactory'
2018-06-11 19:28:34 [main] TRACE o.s.c.e.EventListenerMethodProcessor - No @EventListener annotations found on bean class: class org.springframework.context.annotation.ConfigurationClassPostProcessor
2018-06-11 19:28:34 [main] TRACE o.s.c.e.EventListenerMethodProcessor - No @EventListener annotations found on bean class: class org.springframework.beans.factory.annotation.AutowiredAnnotationBeanPostProcessor
2018-06-11 19:28:34 [main] TRACE o.s.c.e.EventListenerMethodProcessor - No @EventListener annotations found on bean class: class org.springframework.beans.factory.annotation.RequiredAnnotationBeanPostProcessor
2018-06-11 19:28:34 [main] TRACE o.s.c.e.EventListenerMethodProcessor - No @EventListener annotations found on bean class: class org.springframework.context.annotation.CommonAnnotationBeanPostProcessor
2018-06-11 19:28:34 [main] TRACE o.s.c.e.EventListenerMethodProcessor - No @EventListener annotations found on bean class: class org.springframework.context.event.EventListenerMethodProcessor
2018-06-11 19:28:34 [main] TRACE o.s.c.e.EventListenerMethodProcessor - No @EventListener annotations found on bean class: class org.springframework.context.event.DefaultEventListenerFactory
2018-06-11 19:28:34 [main] TRACE o.s.c.e.EventListenerMethodProcessor - No @EventListener annotations found on bean class: class spring.java.config.Javaconfig
2018-06-11 19:28:34 [main] TRACE o.s.c.e.EventListenerMethodProcessor - No @EventListener annotations found on bean class: class org.springframework.context.annotation.ConfigurationClassPostProcessor$ImportAwareBeanPostProcessor
2018-06-11 19:28:34 [main] TRACE o.s.c.e.EventListenerMethodProcessor - No @EventListener annotations found on bean class: class org.springframework.context.annotation.ConfigurationClassPostProcessor$EnhancedConfigurationBeanPostProcessor
2018-06-11 19:28:34 [main] TRACE o.s.c.e.EventListenerMethodProcessor - No @EventListener annotations found on bean class: class spring.java.serviceImpl.BlogPostServiceImpl
2018-06-11 19:28:34 [main] TRACE o.s.c.e.EventListenerMethodProcessor - No @EventListener annotations found on bean class: class org.springframework.core.env.StandardEnvironment
2018-06-11 19:28:34 [main] TRACE o.s.c.e.EventListenerMethodProcessor - No @EventListener annotations found on bean class: class java.util.Properties
2018-06-11 19:28:34 [main] TRACE o.s.c.e.EventListenerMethodProcessor - No @EventListener annotations found on bean class: class java.util.Collections$UnmodifiableMap
2018-06-11 19:28:34 [main] TRACE o.s.c.e.EventListenerMethodProcessor - No @EventListener annotations found on bean class: class org.springframework.context.annotation.ConfigurationClassParser$ImportStack
2018-06-11 19:28:34 [main] TRACE o.s.c.e.EventListenerMethodProcessor - No @EventListener annotations found on bean class: class org.springframework.context.support.DelegatingMessageSource
2018-06-11 19:28:34 [main] TRACE o.s.c.e.EventListenerMethodProcessor - No @EventListener annotations found on bean class: class org.springframework.context.event.SimpleApplicationEventMulticaster
2018-06-11 19:28:34 [main] DEBUG o.s.c.a.AnnotationConfigApplicationContext - Unable to locate LifecycleProcessor with name 'lifecycleProcessor': using default [org.springframework.context.support.DefaultLifecycleProcessor@36f0f1be]
2018-06-11 19:28:34 [main] DEBUG o.s.b.f.s.DefaultListableBeanFactory - Returning cached instance of singleton bean 'lifecycleProcessor'
2018-06-11 19:28:34 [main] TRACE o.s.c.a.AnnotationConfigApplicationContext - Publishing event in org.springframework.context.annotation.AnnotationConfigApplicationContext@3cb5cdba: org.springframework.context.event.ContextRefreshedEvent[source=org.springframework.context.annotation.AnnotationConfigApplicationContext@3cb5cdba: startup date [Mon Jun 11 19:28:34 IST 2018]; root of context hierarchy]
2018-06-11 19:28:34 [main] TRACE o.s.c.e.PropertySourcesPropertyResolver - getProperty("spring.liveBeansView.mbeanDomain", String)
2018-06-11 19:28:34 [main] DEBUG o.s.c.e.PropertySourcesPropertyResolver - Searching for key 'spring.liveBeansView.mbeanDomain' in [systemProperties]
2018-06-11 19:28:34 [main] DEBUG o.s.c.e.PropertySourcesPropertyResolver - Searching for key 'spring.liveBeansView.mbeanDomain' in [systemEnvironment]
2018-06-11 19:28:34 [main] DEBUG o.s.c.e.PropertySourcesPropertyResolver - Could not find key 'spring.liveBeansView.mbeanDomain' in any property source. Returning [null]
2018-06-11 19:28:34 [main] DEBUG o.s.b.f.s.DefaultListableBeanFactory - Returning cached instance of singleton bean 'blogpostService'
2018-06-11 19:28:34 [main] DEBUG s.j.serviceImpl.BlogPostServiceImpl - BlogPostServiceImpl : save post is  called
